Determining if the pthread_create exist failed with the following output:
Change Dir: /home/emanuele/catkin_ws/build/rqt_rotors/CMakeFiles/CMakeTmp

Run Build Command:"/usr/bin/make" "cmTC_45ad1/fast"
/usr/bin/make -f CMakeFiles/cmTC_45ad1.dir/build.make CMakeFiles/cmTC_45ad1.dir/build
make[1]: Entering directory '/home/emanuele/catkin_ws/build/rqt_rotors/CMakeFiles/CMakeTmp'
Building C object CMakeFiles/cmTC_45ad1.dir/CheckSymbolExists.c.o
/usr/bin/cc    -o CMakeFiles/cmTC_45ad1.dir/CheckSymbolExists.c.o   -c /home/emanuele/catkin_ws/build/rqt_rotors/CMakeFiles/CMakeTmp/CheckSymbolExists.c
Linking C executable cmTC_45ad1
/usr/bin/cmake -E cmake_link_script CMakeFiles/cmTC_45ad1.dir/link.txt --verbose=1
/usr/bin/cc      -rdynamic CMakeFiles/cmTC_45ad1.dir/CheckSymbolExists.c.o  -o cmTC_45ad1 
CMakeFiles/cmTC_45ad1.dir/CheckSymbolExists.c.o: In function `main':
CheckSymbolExists.c:(.text+0x1b): undefined reference to `pthread_create'
collect2: error: ld returned 1 exit status
CMakeFiles/cmTC_45ad1.dir/build.make:97: recipe for target 'cmTC_45ad1' failed
make[1]: *** [cmTC_45ad1] Error 1
make[1]: Leaving directory '/home/emanuele/catkin_ws/build/rqt_rotors/CMakeFiles/CMakeTmp'
Makefile:126: recipe for target 'cmTC_45ad1/fast' failed
make: *** [cmTC_45ad1/fast] Error 2

File /home/emanuele/catkin_ws/build/rqt_rotors/CMakeFiles/CMakeTmp/CheckSymbolExists.c:
/* */
#include <pthread.h>

int main(int argc, char** argv)
{
  (void)argv;
#ifndef pthread_create
  return ((int*)(&pthread_create))[argc];
#else
  (void)argc;
  return 0;
#endif
}

Determining if the function pthread_create exists in the pthreads failed with the following output:
Change Dir: /home/emanuele/catkin_ws/build/rqt_rotors/CMakeFiles/CMakeTmp

Run Build Command:"/usr/bin/make" "cmTC_66bbe/fast"
/usr/bin/make -f CMakeFiles/cmTC_66bbe.dir/build.make CMakeFiles/cmTC_66bbe.dir/build
make[1]: Entering directory '/home/emanuele/catkin_ws/build/rqt_rotors/CMakeFiles/CMakeTmp'
Building C object CMakeFiles/cmTC_66bbe.dir/CheckFunctionExists.c.o
/usr/bin/cc   -DCHECK_FUNCTION_EXISTS=pthread_create   -o CMakeFiles/cmTC_66bbe.dir/CheckFunctionExists.c.o   -c /usr/share/cmake-3.10/Modules/CheckFunctionExists.c
Linking C executable cmTC_66bbe
/usr/bin/cmake -E cmake_link_script CMakeFiles/cmTC_66bbe.dir/link.txt --verbose=1
/usr/bin/cc  -DCHECK_FUNCTION_EXISTS=pthread_create    -rdynamic CMakeFiles/cmTC_66bbe.dir/CheckFunctionExists.c.o  -o cmTC_66bbe -lpthreads 
/usr/bin/ld: cannot find -lpthreads
collect2: error: ld returned 1 exit status
CMakeFiles/cmTC_66bbe.dir/build.make:97: recipe for target 'cmTC_66bbe' failed
make[1]: *** [cmTC_66bbe] Error 1
make[1]: Leaving directory '/home/emanuele/catkin_ws/build/rqt_rotors/CMakeFiles/CMakeTmp'
Makefile:126: recipe for target 'cmTC_66bbe/fast' failed
make: *** [cmTC_66bbe/fast] Error 2


