[  0%] Built target nav_msgs_generate_messages_py
[  0%] Built target rotors_comm_generate_messages_py
[  0%] Built target mav_msgs_generate_messages_nodejs
[  0%] Built target nav_msgs_generate_messages_lisp
[  0%] Built target mav_msgs_generate_messages_py
[  0%] Built target nav_msgs_generate_messages_nodejs
[  0%] Built target trajectory_msgs_generate_messages_lisp
[  0%] Built target sensor_msgs_generate_messages_eus
[  0%] Built target topic_tools_generate_messages_py
[  0%] Built target tf2_msgs_generate_messages_lisp
[  0%] Built target octomap_msgs_generate_messages_cpp
[  0%] Built target trajectory_msgs_generate_messages_cpp
[  0%] Built target actionlib_msgs_generate_messages_py
[  0%] Built target actionlib_generate_messages_eus
[  0%] Built target mav_msgs_generate_messages_eus
[ 64%] Built target mav_msgs
[ 64%] Built target std_msgs_generate_messages_nodejs
[ 64%] Built target trajectory_msgs_generate_messages_py
[ 64%] Built target std_msgs_generate_messages_py
[ 64%] Built target std_msgs_generate_messages_eus
[ 64%] Built target octomap_msgs_generate_messages_eus
[ 64%] Built target actionlib_generate_messages_cpp
[ 64%] Built target roscpp_generate_messages_cpp
[ 64%] Built target rotors_comm_generate_messages_cpp
[ 64%] Built target sensor_msgs_generate_messages_lisp
[ 64%] Built target nav_msgs_generate_messages_cpp
[ 64%] Built target sensor_msgs_generate_messages_nodejs
[ 64%] Built target std_msgs_generate_messages_cpp
[ 64%] Built target geometry_msgs_generate_messages_nodejs
[ 64%] Built target geometry_msgs_generate_messages_eus
[ 64%] Built target trajectory_msgs_generate_messages_nodejs
[ 64%] Built target sensor_msgs_generate_messages_py
[ 64%] Built target sensor_msgs_generate_messages_cpp
[ 64%] Built target tf_generate_messages_py
[ 64%] Built target geometry_msgs_generate_messages_lisp
[ 64%] Built target roscpp_generate_messages_nodejs
[ 64%] Built target std_msgs_generate_messages_lisp
[ 64%] Built target trajectory_msgs_generate_messages_eus
[ 64%] Built target std_srvs_generate_messages_eus
[ 64%] Built target geometry_msgs_generate_messages_py
[ 64%] Built target mav_msgs_generate_messages_lisp
[ 64%] Built target tf_generate_messages_nodejs
[ 64%] Built target octomap_msgs_generate_messages_lisp
[ 64%] Built target octomap_msgs_generate_messages_py
[ 64%] Built target roscpp_generate_messages_py
[ 64%] Built target tf_generate_messages_lisp
[ 64%] Built target roscpp_generate_messages_lisp
[ 64%] Built target rosgraph_msgs_generate_messages_cpp
[ 64%] Built target actionlib_msgs_generate_messages_eus
[ 64%] Built target rosgraph_msgs_generate_messages_nodejs
[ 64%] Built target roscpp_generate_messages_eus
[ 64%] Built target rosgraph_msgs_generate_messages_eus
[ 64%] Built target rosgraph_msgs_generate_messages_lisp
[ 64%] Built target topic_tools_generate_messages_cpp
[ 64%] Built target rosgraph_msgs_generate_messages_py
[ 64%] Built target geometry_msgs_generate_messages_cpp
[ 64%] Built target rotors_comm_generate_messages_nodejs
[ 64%] Built target octomap_msgs_generate_messages_nodejs
[ 64%] Built target actionlib_generate_messages_nodejs
[ 64%] Built target rotors_comm_generate_messages_eus
[ 64%] Built target tf_generate_messages_cpp
[ 64%] Built target actionlib_generate_messages_lisp
[ 64%] Built target std_srvs_generate_messages_nodejs
[ 64%] Built target rotors_comm_generate_messages_lisp
[ 64%] Built target actionlib_generate_messages_py
[ 64%] Built target tf2_msgs_generate_messages_py
[ 64%] Built target topic_tools_generate_messages_nodejs
[ 64%] Built target std_srvs_generate_messages_cpp
[ 64%] Built target tf_generate_messages_eus
[ 64%] Built target actionlib_msgs_generate_messages_cpp
[ 64%] Built target tf2_msgs_generate_messages_eus
[ 64%] Built target tf2_msgs_generate_messages_cpp
[ 64%] Built target mav_msgs_generate_messages_cpp
[ 64%] Built target nav_msgs_generate_messages_eus
[ 64%] Built target std_srvs_generate_messages_py
[ 64%] Built target actionlib_msgs_generate_messages_lisp
[ 64%] Built target std_srvs_generate_messages_lisp
[ 64%] Built target tf2_msgs_generate_messages_nodejs
[ 64%] Built target topic_tools_generate_messages_lisp
[ 64%] Built target topic_tools_generate_messages_eus
[ 64%] Built target actionlib_msgs_generate_messages_nodejs
[ 66%] Built target rotors_gazebo_mavlink_interface
[ 68%] Built target rotors_gazebo_pressure_plugin
[ 70%] Built target rotors_gazebo_gps_plugin
[ 75%] Built target rotors_gazebo_motor_model
[ 75%] Built target rotors_gazebo_wind_plugin
[ 77%] Built target rotors_gazebo_lidar_plugin
[ 79%] Built target rotors_gazebo_magnetometer_plugin
[ 82%] Built target rotors_gazebo_odometry_plugin
[ 84%] Built target rotors_gazebo_fw_dynamics_plugin
[ 86%] Built target rotors_gazebo_imu_plugin
[ 89%] Built target rotors_gazebo_noisydepth_plugin
[ 92%] Built target rotors_gazebo_multirotor_base_plugin
[ 94%] Built target rotors_gazebo_bag_plugin
[ 95%] Built target gazebo_geotagged_images_plugin
[ 97%] Built target rotors_gazebo_controller_interface
[100%] Built target rotors_gazebo_ros_interface_plugin
