Determining if the pthread_create exist failed with the following output:
Change Dir: /home/emanuele/catkin_ws/build/catkin_tools_prebuild/CMakeFiles/CMakeTmp

Run Build Command:"/usr/bin/make" "cmTC_7f7bc/fast"
/usr/bin/make -f CMakeFiles/cmTC_7f7bc.dir/build.make CMakeFiles/cmTC_7f7bc.dir/build
make[1]: Entering directory '/home/emanuele/catkin_ws/build/catkin_tools_prebuild/CMakeFiles/CMakeTmp'
Building C object CMakeFiles/cmTC_7f7bc.dir/CheckSymbolExists.c.o
/usr/bin/cc    -o CMakeFiles/cmTC_7f7bc.dir/CheckSymbolExists.c.o   -c /home/emanuele/catkin_ws/build/catkin_tools_prebuild/CMakeFiles/CMakeTmp/CheckSymbolExists.c
Linking C executable cmTC_7f7bc
/usr/bin/cmake -E cmake_link_script CMakeFiles/cmTC_7f7bc.dir/link.txt --verbose=1
/usr/bin/cc      -rdynamic CMakeFiles/cmTC_7f7bc.dir/CheckSymbolExists.c.o  -o cmTC_7f7bc 
CMakeFiles/cmTC_7f7bc.dir/CheckSymbolExists.c.o: In function `main':
CheckSymbolExists.c:(.text+0x1b): undefined reference to `pthread_create'
collect2: error: ld returned 1 exit status
CMakeFiles/cmTC_7f7bc.dir/build.make:97: recipe for target 'cmTC_7f7bc' failed
make[1]: *** [cmTC_7f7bc] Error 1
make[1]: Leaving directory '/home/emanuele/catkin_ws/build/catkin_tools_prebuild/CMakeFiles/CMakeTmp'
Makefile:126: recipe for target 'cmTC_7f7bc/fast' failed
make: *** [cmTC_7f7bc/fast] Error 2

File /home/emanuele/catkin_ws/build/catkin_tools_prebuild/CMakeFiles/CMakeTmp/CheckSymbolExists.c:
/* */
#include <pthread.h>

int main(int argc, char** argv)
{
  (void)argv;
#ifndef pthread_create
  return ((int*)(&pthread_create))[argc];
#else
  (void)argc;
  return 0;
#endif
}

Determining if the function pthread_create exists in the pthreads failed with the following output:
Change Dir: /home/emanuele/catkin_ws/build/catkin_tools_prebuild/CMakeFiles/CMakeTmp

Run Build Command:"/usr/bin/make" "cmTC_0afab/fast"
/usr/bin/make -f CMakeFiles/cmTC_0afab.dir/build.make CMakeFiles/cmTC_0afab.dir/build
make[1]: Entering directory '/home/emanuele/catkin_ws/build/catkin_tools_prebuild/CMakeFiles/CMakeTmp'
Building C object CMakeFiles/cmTC_0afab.dir/CheckFunctionExists.c.o
/usr/bin/cc   -DCHECK_FUNCTION_EXISTS=pthread_create   -o CMakeFiles/cmTC_0afab.dir/CheckFunctionExists.c.o   -c /usr/share/cmake-3.10/Modules/CheckFunctionExists.c
Linking C executable cmTC_0afab
/usr/bin/cmake -E cmake_link_script CMakeFiles/cmTC_0afab.dir/link.txt --verbose=1
/usr/bin/cc  -DCHECK_FUNCTION_EXISTS=pthread_create    -rdynamic CMakeFiles/cmTC_0afab.dir/CheckFunctionExists.c.o  -o cmTC_0afab -lpthreads 
/usr/bin/ld: cannot find -lpthreads
collect2: error: ld returned 1 exit status
CMakeFiles/cmTC_0afab.dir/build.make:97: recipe for target 'cmTC_0afab' failed
make[1]: *** [cmTC_0afab] Error 1
make[1]: Leaving directory '/home/emanuele/catkin_ws/build/catkin_tools_prebuild/CMakeFiles/CMakeTmp'
Makefile:126: recipe for target 'cmTC_0afab/fast' failed
make: *** [cmTC_0afab/fast] Error 2


