CMake Warning (dev) at /usr/share/cmake-3.10/Modules/FindBoost.cmake:911 (if):
  Policy CMP0054 is not set: Only interpret if() arguments as variables or
  keywords when unquoted.  Run "cmake --help-policy CMP0054" for policy
  details.  Use the cmake_policy command to set the policy and suppress this
  warning.

  Quoted variables like "chrono" will no longer be dereferenced when the
  policy is set to NEW.  Since the policy is not set the OLD behavior will be
  used.
[36mCall Stack (most recent call first):[0m
  /usr/share/cmake-3.10/Modules/FindBoost.cmake:1558 (_Boost_MISSING_DEPENDENCIES)
  /usr/share/OGRE/cmake/modules/FindOGRE.cmake:318 (find_package)
  /usr/lib/x86_64-linux-gnu/cmake/gazebo/gazebo-config.cmake:175 (find_package)
  CMakeLists.txt:12 (find_package)
This warning is for project developers.  Use -Wno-dev to suppress it.

[33m[1mCMake Warning[0m at /opt/ros/melodic/share/cmake_modules/cmake/Modules/FindEigen.cmake:62 (message):
  The FindEigen.cmake Module in the cmake_modules package is deprecated.

  Please use the FindEigen3.cmake Module provided with Eigen.  Change
  instances of find_package(Eigen) to find_package(Eigen3).  Check the
  FindEigen3.cmake Module for the resulting CMake variable names.

[36mCall Stack (most recent call first):[0m
  CMakeLists.txt:57 (find_package)


