Determining if the pthread_create exist failed with the following output:
Change Dir: /home/emanuele/catkin_ws/build/rotors_joy_interface/CMakeFiles/CMakeTmp

Run Build Command:"/usr/bin/make" "cmTC_46d15/fast"
/usr/bin/make -f CMakeFiles/cmTC_46d15.dir/build.make CMakeFiles/cmTC_46d15.dir/build
make[1]: Entering directory '/home/emanuele/catkin_ws/build/rotors_joy_interface/CMakeFiles/CMakeTmp'
Building C object CMakeFiles/cmTC_46d15.dir/CheckSymbolExists.c.o
/usr/bin/cc    -o CMakeFiles/cmTC_46d15.dir/CheckSymbolExists.c.o   -c /home/emanuele/catkin_ws/build/rotors_joy_interface/CMakeFiles/CMakeTmp/CheckSymbolExists.c
Linking C executable cmTC_46d15
/usr/bin/cmake -E cmake_link_script CMakeFiles/cmTC_46d15.dir/link.txt --verbose=1
/usr/bin/cc      -rdynamic CMakeFiles/cmTC_46d15.dir/CheckSymbolExists.c.o  -o cmTC_46d15 
CMakeFiles/cmTC_46d15.dir/CheckSymbolExists.c.o: In function `main':
CheckSymbolExists.c:(.text+0x1b): undefined reference to `pthread_create'
collect2: error: ld returned 1 exit status
CMakeFiles/cmTC_46d15.dir/build.make:97: recipe for target 'cmTC_46d15' failed
make[1]: *** [cmTC_46d15] Error 1
make[1]: Leaving directory '/home/emanuele/catkin_ws/build/rotors_joy_interface/CMakeFiles/CMakeTmp'
Makefile:126: recipe for target 'cmTC_46d15/fast' failed
make: *** [cmTC_46d15/fast] Error 2

File /home/emanuele/catkin_ws/build/rotors_joy_interface/CMakeFiles/CMakeTmp/CheckSymbolExists.c:
/* */
#include <pthread.h>

int main(int argc, char** argv)
{
  (void)argv;
#ifndef pthread_create
  return ((int*)(&pthread_create))[argc];
#else
  (void)argc;
  return 0;
#endif
}

Determining if the function pthread_create exists in the pthreads failed with the following output:
Change Dir: /home/emanuele/catkin_ws/build/rotors_joy_interface/CMakeFiles/CMakeTmp

Run Build Command:"/usr/bin/make" "cmTC_0475d/fast"
/usr/bin/make -f CMakeFiles/cmTC_0475d.dir/build.make CMakeFiles/cmTC_0475d.dir/build
make[1]: Entering directory '/home/emanuele/catkin_ws/build/rotors_joy_interface/CMakeFiles/CMakeTmp'
Building C object CMakeFiles/cmTC_0475d.dir/CheckFunctionExists.c.o
/usr/bin/cc   -DCHECK_FUNCTION_EXISTS=pthread_create   -o CMakeFiles/cmTC_0475d.dir/CheckFunctionExists.c.o   -c /usr/share/cmake-3.10/Modules/CheckFunctionExists.c
Linking C executable cmTC_0475d
/usr/bin/cmake -E cmake_link_script CMakeFiles/cmTC_0475d.dir/link.txt --verbose=1
/usr/bin/cc  -DCHECK_FUNCTION_EXISTS=pthread_create    -rdynamic CMakeFiles/cmTC_0475d.dir/CheckFunctionExists.c.o  -o cmTC_0475d -lpthreads 
/usr/bin/ld: cannot find -lpthreads
collect2: error: ld returned 1 exit status
CMakeFiles/cmTC_0475d.dir/build.make:97: recipe for target 'cmTC_0475d' failed
make[1]: *** [cmTC_0475d] Error 1
make[1]: Leaving directory '/home/emanuele/catkin_ws/build/rotors_joy_interface/CMakeFiles/CMakeTmp'
Makefile:126: recipe for target 'cmTC_0475d/fast' failed
make: *** [cmTC_0475d/fast] Error 2


