Determining if the pthread_create exist failed with the following output:
Change Dir: /home/emanuele/catkin_ws/build/mav_msgs/CMakeFiles/CMakeTmp

Run Build Command:"/usr/bin/make" "cmTC_0514d/fast"
/usr/bin/make -f CMakeFiles/cmTC_0514d.dir/build.make CMakeFiles/cmTC_0514d.dir/build
make[1]: Entering directory '/home/emanuele/catkin_ws/build/mav_msgs/CMakeFiles/CMakeTmp'
Building C object CMakeFiles/cmTC_0514d.dir/CheckSymbolExists.c.o
/usr/bin/cc    -o CMakeFiles/cmTC_0514d.dir/CheckSymbolExists.c.o   -c /home/emanuele/catkin_ws/build/mav_msgs/CMakeFiles/CMakeTmp/CheckSymbolExists.c
Linking C executable cmTC_0514d
/usr/bin/cmake -E cmake_link_script CMakeFiles/cmTC_0514d.dir/link.txt --verbose=1
/usr/bin/cc      -rdynamic CMakeFiles/cmTC_0514d.dir/CheckSymbolExists.c.o  -o cmTC_0514d 
CMakeFiles/cmTC_0514d.dir/CheckSymbolExists.c.o: In function `main':
CheckSymbolExists.c:(.text+0x1b): undefined reference to `pthread_create'
collect2: error: ld returned 1 exit status
CMakeFiles/cmTC_0514d.dir/build.make:97: recipe for target 'cmTC_0514d' failed
make[1]: *** [cmTC_0514d] Error 1
make[1]: Leaving directory '/home/emanuele/catkin_ws/build/mav_msgs/CMakeFiles/CMakeTmp'
Makefile:126: recipe for target 'cmTC_0514d/fast' failed
make: *** [cmTC_0514d/fast] Error 2

File /home/emanuele/catkin_ws/build/mav_msgs/CMakeFiles/CMakeTmp/CheckSymbolExists.c:
/* */
#include <pthread.h>

int main(int argc, char** argv)
{
  (void)argv;
#ifndef pthread_create
  return ((int*)(&pthread_create))[argc];
#else
  (void)argc;
  return 0;
#endif
}

Determining if the function pthread_create exists in the pthreads failed with the following output:
Change Dir: /home/emanuele/catkin_ws/build/mav_msgs/CMakeFiles/CMakeTmp

Run Build Command:"/usr/bin/make" "cmTC_30493/fast"
/usr/bin/make -f CMakeFiles/cmTC_30493.dir/build.make CMakeFiles/cmTC_30493.dir/build
make[1]: Entering directory '/home/emanuele/catkin_ws/build/mav_msgs/CMakeFiles/CMakeTmp'
Building C object CMakeFiles/cmTC_30493.dir/CheckFunctionExists.c.o
/usr/bin/cc   -DCHECK_FUNCTION_EXISTS=pthread_create   -o CMakeFiles/cmTC_30493.dir/CheckFunctionExists.c.o   -c /usr/share/cmake-3.10/Modules/CheckFunctionExists.c
Linking C executable cmTC_30493
/usr/bin/cmake -E cmake_link_script CMakeFiles/cmTC_30493.dir/link.txt --verbose=1
/usr/bin/cc  -DCHECK_FUNCTION_EXISTS=pthread_create    -rdynamic CMakeFiles/cmTC_30493.dir/CheckFunctionExists.c.o  -o cmTC_30493 -lpthreads 
/usr/bin/ld: cannot find -lpthreads
collect2: error: ld returned 1 exit status
CMakeFiles/cmTC_30493.dir/build.make:97: recipe for target 'cmTC_30493' failed
make[1]: *** [cmTC_30493] Error 1
make[1]: Leaving directory '/home/emanuele/catkin_ws/build/mav_msgs/CMakeFiles/CMakeTmp'
Makefile:126: recipe for target 'cmTC_30493/fast' failed
make: *** [cmTC_30493/fast] Error 2


