Determining if the pthread_create exist failed with the following output:
Change Dir: /home/emanuele/catkin_ws/build/rotors_gazebo/CMakeFiles/CMakeTmp

Run Build Command:"/usr/bin/make" "cmTC_6775e/fast"
/usr/bin/make -f CMakeFiles/cmTC_6775e.dir/build.make CMakeFiles/cmTC_6775e.dir/build
make[1]: Entering directory '/home/emanuele/catkin_ws/build/rotors_gazebo/CMakeFiles/CMakeTmp'
Building C object CMakeFiles/cmTC_6775e.dir/CheckSymbolExists.c.o
/usr/bin/cc    -o CMakeFiles/cmTC_6775e.dir/CheckSymbolExists.c.o   -c /home/emanuele/catkin_ws/build/rotors_gazebo/CMakeFiles/CMakeTmp/CheckSymbolExists.c
Linking C executable cmTC_6775e
/usr/bin/cmake -E cmake_link_script CMakeFiles/cmTC_6775e.dir/link.txt --verbose=1
/usr/bin/cc      -rdynamic CMakeFiles/cmTC_6775e.dir/CheckSymbolExists.c.o  -o cmTC_6775e 
CMakeFiles/cmTC_6775e.dir/CheckSymbolExists.c.o: In function `main':
CheckSymbolExists.c:(.text+0x1b): undefined reference to `pthread_create'
collect2: error: ld returned 1 exit status
CMakeFiles/cmTC_6775e.dir/build.make:97: recipe for target 'cmTC_6775e' failed
make[1]: *** [cmTC_6775e] Error 1
make[1]: Leaving directory '/home/emanuele/catkin_ws/build/rotors_gazebo/CMakeFiles/CMakeTmp'
Makefile:126: recipe for target 'cmTC_6775e/fast' failed
make: *** [cmTC_6775e/fast] Error 2

File /home/emanuele/catkin_ws/build/rotors_gazebo/CMakeFiles/CMakeTmp/CheckSymbolExists.c:
/* */
#include <pthread.h>

int main(int argc, char** argv)
{
  (void)argv;
#ifndef pthread_create
  return ((int*)(&pthread_create))[argc];
#else
  (void)argc;
  return 0;
#endif
}

Determining if the function pthread_create exists in the pthreads failed with the following output:
Change Dir: /home/emanuele/catkin_ws/build/rotors_gazebo/CMakeFiles/CMakeTmp

Run Build Command:"/usr/bin/make" "cmTC_4e3c3/fast"
/usr/bin/make -f CMakeFiles/cmTC_4e3c3.dir/build.make CMakeFiles/cmTC_4e3c3.dir/build
make[1]: Entering directory '/home/emanuele/catkin_ws/build/rotors_gazebo/CMakeFiles/CMakeTmp'
Building C object CMakeFiles/cmTC_4e3c3.dir/CheckFunctionExists.c.o
/usr/bin/cc   -DCHECK_FUNCTION_EXISTS=pthread_create   -o CMakeFiles/cmTC_4e3c3.dir/CheckFunctionExists.c.o   -c /usr/share/cmake-3.10/Modules/CheckFunctionExists.c
Linking C executable cmTC_4e3c3
/usr/bin/cmake -E cmake_link_script CMakeFiles/cmTC_4e3c3.dir/link.txt --verbose=1
/usr/bin/cc  -DCHECK_FUNCTION_EXISTS=pthread_create    -rdynamic CMakeFiles/cmTC_4e3c3.dir/CheckFunctionExists.c.o  -o cmTC_4e3c3 -lpthreads 
/usr/bin/ld: cannot find -lpthreads
collect2: error: ld returned 1 exit status
CMakeFiles/cmTC_4e3c3.dir/build.make:97: recipe for target 'cmTC_4e3c3' failed
make[1]: *** [cmTC_4e3c3] Error 1
make[1]: Leaving directory '/home/emanuele/catkin_ws/build/rotors_gazebo/CMakeFiles/CMakeTmp'
Makefile:126: recipe for target 'cmTC_4e3c3/fast' failed
make: *** [cmTC_4e3c3/fast] Error 2


