[  0%] Built target actionlib_msgs_generate_messages_py
[  0%] Built target sensor_msgs_generate_messages_py
[  0%] Built target rosgraph_msgs_generate_messages_lisp
[  0%] Built target rosgraph_msgs_generate_messages_nodejs
[  0%] Built target rosgraph_msgs_generate_messages_eus
[  0%] Built target std_msgs_generate_messages_nodejs
[  0%] Built target roscpp_generate_messages_lisp
[  0%] Built target geometry_msgs_generate_messages_py
[  0%] Built target nav_msgs_generate_messages_py
[  0%] Built target actionlib_msgs_generate_messages_lisp
[  0%] Built target std_msgs_generate_messages_py
[  0%] Built target sensor_msgs_generate_messages_cpp
[  0%] Built target rosgraph_msgs_generate_messages_cpp
[  0%] Built target std_msgs_generate_messages_lisp
[  0%] Built target sensor_msgs_generate_messages_nodejs
[  0%] Built target rosgraph_msgs_generate_messages_py
[  0%] Built target std_msgs_generate_messages_eus
[  0%] Built target std_msgs_generate_messages_cpp
[  0%] Built target nav_msgs_generate_messages_nodejs
[  0%] Built target trajectory_msgs_generate_messages_py
[  0%] Built target geometry_msgs_generate_messages_eus
[  0%] Built target roscpp_generate_messages_cpp
[  0%] Built target actionlib_msgs_generate_messages_nodejs
[  0%] Built target roscpp_generate_messages_eus
[  0%] Built target roscpp_generate_messages_nodejs
[  0%] Built target nav_msgs_generate_messages_lisp
[  0%] Built target trajectory_msgs_generate_messages_nodejs
[  0%] Built target geometry_msgs_generate_messages_nodejs
[  0%] Built target sensor_msgs_generate_messages_lisp
[  0%] Built target mav_msgs_generate_messages_eus
[  0%] Built target geometry_msgs_generate_messages_lisp
[  0%] Built target geometry_msgs_generate_messages_cpp
[  0%] Built target mav_msgs_generate_messages_lisp
[  0%] Built target trajectory_msgs_generate_messages_lisp
[  0%] Built target trajectory_msgs_generate_messages_cpp
[  0%] Built target trajectory_msgs_generate_messages_eus
[  0%] Built target nav_msgs_generate_messages_cpp
[  0%] Built target roscpp_generate_messages_py
[  0%] Built target mav_msgs_generate_messages_py
[  0%] Built target mav_msgs_generate_messages_nodejs
[  0%] Built target actionlib_msgs_generate_messages_cpp
[  0%] Built target mav_msgs_generate_messages_cpp
[  0%] Built target sensor_msgs_generate_messages_eus
[  0%] Built target nav_msgs_generate_messages_eus
[  0%] Built target actionlib_msgs_generate_messages_eus
[35m[1mScanning dependencies of target high_level_3D_resting_waypoint_controller[0m
[  5%] Built target crazyflie_complementary_filter
[ 11%] Built target sensfusion6
[ 16%] Built target mellinger_controller
[ 22%] Built target high_level_2D_resting_waypoint_controller
[ 27%] Built target high_level_2D_resting_roll_thrust_controller
[ 33%] Built target roll_pitch_yawrate_thrust_controller_crazyflie
[ 38%] Built target crazyflie_onboard_controller
[ 44%] Built target high_level_2D_push_slide_waypoint_controller
[ 50%] Built target internal_model_controller
[ 55%] Built target roll_pitch_yawrate_thrust_controller
[ 58%] [32mBuilding CXX object CMakeFiles/high_level_3D_resting_waypoint_controller.dir/src/nodes/high_level_3D_resting_waypoint_controller.cpp.o[0m
[ 63%] Built target high_level_2D_push_slide_roll_thrust_controller
[ 69%] Built target lee_position_controller
[ 75%] Built target position_controller
[ 80%] Built target roll_pitch_yawrate_thrust_controller_node
[ 88%] Built target position_controller_node
[ 91%] Built target lee_position_controller_node
[ 97%] Built target roll_pitch_yawrate_thrust_crazyflie_node
[01m[K/home/emanuele/catkin_ws/src/CrazyS/rotors_control/src/nodes/high_level_3D_resting_waypoint_controller.cpp:[m[K In function ‘[01m[Kvoid StateMachine()[m[K’:
[01m[K/home/emanuele/catkin_ws/src/CrazyS/rotors_control/src/nodes/high_level_3D_resting_waypoint_controller.cpp:363:3:[m[K [01;31m[Kerror: [m[K‘[01m[Klateral_slide[m[K’ was not declared in this scope
   [01;31m[Klateral_slide[m[K = fabs(first_interaction_lateral_position - pos[1]);
   [01;31m[K^~~~~~~~~~~~~[m[K
[01m[K/home/emanuele/catkin_ws/src/CrazyS/rotors_control/src/nodes/high_level_3D_resting_waypoint_controller.cpp:363:3:[m[K [01;36m[Knote: [m[Ksuggested alternative: ‘[01m[Klateral_slide_y[m[K’
   [01;36m[Klateral_slide[m[K = fabs(first_interaction_lateral_position - pos[1]);
   [01;36m[K^~~~~~~~~~~~~[m[K
   [32m[Klateral_slide_y[m[K
[01m[K/home/emanuele/catkin_ws/src/CrazyS/rotors_control/src/nodes/high_level_3D_resting_waypoint_controller.cpp:363:24:[m[K [01;31m[Kerror: [m[K‘[01m[Kfirst_interaction_lateral_position[m[K’ was not declared in this scope
   lateral_slide = fabs([01;31m[Kfirst_interaction_lateral_position[m[K - pos[1]);
                        [01;31m[K^~~~~~~~~~~~~~~~~~~~~~~~~~~~~~~~~~[m[K
[01m[K/home/emanuele/catkin_ws/src/CrazyS/rotors_control/src/nodes/high_level_3D_resting_waypoint_controller.cpp:363:24:[m[K [01;36m[Knote: [m[Ksuggested alternative: ‘[01m[Kfirst_interaction_y[m[K’
   lateral_slide = fabs([01;36m[Kfirst_interaction_lateral_position[m[K - pos[1]);
                        [01;36m[K^~~~~~~~~~~~~~~~~~~~~~~~~~~~~~~~~~[m[K
                        [32m[Kfirst_interaction_y[m[K
[01m[K/home/emanuele/catkin_ws/src/CrazyS/rotors_control/src/nodes/high_level_3D_resting_waypoint_controller.cpp:381:41:[m[K [01;31m[Kerror: [m[K‘[01m[Kfirst_interaction_lateral_position[m[K’ was not declared in this scope
  cout << "Lateral slide: " << 100*(fabs([01;31m[Kfirst_interaction_lateral_position[m[K - pos[1])) << " [cm]" << endl;
                                         [01;31m[K^~~~~~~~~~~~~~~~~~~~~~~~~~~~~~~~~~[m[K
[01m[K/home/emanuele/catkin_ws/src/CrazyS/rotors_control/src/nodes/high_level_3D_resting_waypoint_controller.cpp:381:41:[m[K [01;36m[Knote: [m[Ksuggested alternative: ‘[01m[Kfirst_interaction_y[m[K’
  cout << "Lateral slide: " << 100*(fabs([01;36m[Kfirst_interaction_lateral_position[m[K - pos[1])) << " [cm]" << endl;
                                         [01;36m[K^~~~~~~~~~~~~~~~~~~~~~~~~~~~~~~~~~[m[K
                                         [32m[Kfirst_interaction_y[m[K
CMakeFiles/high_level_3D_resting_waypoint_controller.dir/build.make:62: recipe for target 'CMakeFiles/high_level_3D_resting_waypoint_controller.dir/src/nodes/high_level_3D_resting_waypoint_controller.cpp.o' failed
make[2]: *** [CMakeFiles/high_level_3D_resting_waypoint_controller.dir/src/nodes/high_level_3D_resting_waypoint_controller.cpp.o] Error 1
CMakeFiles/Makefile2:111: recipe for target 'CMakeFiles/high_level_3D_resting_waypoint_controller.dir/all' failed
make[1]: *** [CMakeFiles/high_level_3D_resting_waypoint_controller.dir/all] Error 2
Makefile:140: recipe for target 'all' failed
make: *** [all] Error 2
