[  0%] Built target rosgraph_msgs_generate_messages_lisp
[  0%] Built target actionlib_msgs_generate_messages_py
[  0%] Built target sensor_msgs_generate_messages_py
[  0%] Built target rosgraph_msgs_generate_messages_nodejs
[  0%] Built target sensor_msgs_generate_messages_cpp
[  0%] Built target rosgraph_msgs_generate_messages_py
[  0%] Built target rosgraph_msgs_generate_messages_eus
[  0%] Built target std_msgs_generate_messages_py
[  0%] Built target nav_msgs_generate_messages_py
[  0%] Built target rosgraph_msgs_generate_messages_cpp
[  0%] Built target std_msgs_generate_messages_lisp
[  0%] Built target std_msgs_generate_messages_nodejs
[  0%] Built target actionlib_msgs_generate_messages_lisp
[  0%] Built target roscpp_generate_messages_lisp
[  0%] Built target sensor_msgs_generate_messages_nodejs
[  0%] Built target geometry_msgs_generate_messages_py
[  0%] Built target geometry_msgs_generate_messages_eus
[  0%] Built target roscpp_generate_messages_cpp
[  0%] Built target nav_msgs_generate_messages_nodejs
[  0%] Built target sensor_msgs_generate_messages_lisp
[  0%] Built target actionlib_msgs_generate_messages_nodejs
[  0%] Built target std_msgs_generate_messages_eus
[  0%] Built target trajectory_msgs_generate_messages_py
[  0%] Built target roscpp_generate_messages_eus
[  0%] Built target roscpp_generate_messages_nodejs
[  0%] Built target geometry_msgs_generate_messages_nodejs
[  0%] Built target trajectory_msgs_generate_messages_nodejs
[  0%] Built target std_msgs_generate_messages_cpp
[  0%] Built target nav_msgs_generate_messages_lisp
[  0%] Built target mav_msgs_generate_messages_eus
[  0%] Built target geometry_msgs_generate_messages_cpp
[  0%] Built target geometry_msgs_generate_messages_lisp
[  0%] Built target sensor_msgs_generate_messages_eus
[  0%] Built target mav_msgs_generate_messages_nodejs
[  0%] Built target trajectory_msgs_generate_messages_cpp
[  0%] Built target trajectory_msgs_generate_messages_lisp
[  0%] Built target roscpp_generate_messages_py
[  0%] Built target mav_msgs_generate_messages_py
[  0%] Built target trajectory_msgs_generate_messages_eus
[  0%] Built target actionlib_msgs_generate_messages_eus
[  0%] Built target mav_msgs_generate_messages_lisp
[  0%] Built target nav_msgs_generate_messages_cpp
[  0%] Built target mav_msgs_generate_messages_cpp
[  0%] Built target nav_msgs_generate_messages_eus
[  0%] Built target actionlib_msgs_generate_messages_cpp
[35m[1mScanning dependencies of target high_level_resting_roll_thrust_controller[0m
[  5%] Built target sensfusion6
[ 11%] Built target crazyflie_complementary_filter
[ 17%] Built target roll_pitch_yawrate_thrust_controller
[ 23%] Built target position_controller
[ 29%] Built target crazyflie_onboard_controller
[ 35%] Built target internal_model_controller
[ 41%] Built target high_level_2D_position_controller
[ 47%] Built target mellinger_controller
[ 52%] Built target lee_position_controller
[ 58%] Built target high_level_resting_controller
[ 61%] [32mBuilding CXX object CMakeFiles/high_level_resting_roll_thrust_controller.dir/src/nodes/high_level_resting_roll_thrust_controller.cpp.o[0m
[ 67%] Built target high_level_2D_roll_thrust_controller
[ 73%] Built target roll_pitch_yawrate_thrust_controller_crazyflie
[ 79%] Built target roll_pitch_yawrate_thrust_controller_node
[ 85%] Built target position_controller_node
[ 91%] Built target lee_position_controller_node
[ 97%] Built target roll_pitch_yawrate_thrust_crazyflie_node
[100%] [32m[1mLinking CXX executable /home/emanuele/catkin_ws/devel/.private/rotors_control/lib/rotors_control/high_level_resting_roll_thrust_controller[0m
[100%] Built target high_level_resting_roll_thrust_controller
