Linked: (/home/emanuele/catkin_ws/devel/.private/rotors_control/share/rotors_control/cmake/rotors_controlConfig.cmake, /home/emanuele/catkin_ws/devel/share/rotors_control/cmake/rotors_controlConfig.cmake)
Linked: (/home/emanuele/catkin_ws/devel/.private/rotors_control/share/rotors_control/cmake/rotors_controlConfig-version.cmake, /home/emanuele/catkin_ws/devel/share/rotors_control/cmake/rotors_controlConfig-version.cmake)
Linked: (/home/emanuele/catkin_ws/devel/.private/rotors_control/lib/libcrazyflie_onboard_controller.so, /home/emanuele/catkin_ws/devel/lib/libcrazyflie_onboard_controller.so)
Linked: (/home/emanuele/catkin_ws/devel/.private/rotors_control/lib/liblee_position_controller.so, /home/emanuele/catkin_ws/devel/lib/liblee_position_controller.so)
Linked: (/home/emanuele/catkin_ws/devel/.private/rotors_control/lib/libroll_pitch_yawrate_thrust_controller.so, /home/emanuele/catkin_ws/devel/lib/libroll_pitch_yawrate_thrust_controller.so)
Linked: (/home/emanuele/catkin_ws/devel/.private/rotors_control/lib/libinternal_model_controller.so, /home/emanuele/catkin_ws/devel/lib/libinternal_model_controller.so)
Linked: (/home/emanuele/catkin_ws/devel/.private/rotors_control/lib/libposition_controller.so, /home/emanuele/catkin_ws/devel/lib/libposition_controller.so)
Linked: (/home/emanuele/catkin_ws/devel/.private/rotors_control/lib/libmellinger_controller.so, /home/emanuele/catkin_ws/devel/lib/libmellinger_controller.so)
Linked: (/home/emanuele/catkin_ws/devel/.private/rotors_control/lib/libsensfusion6.so, /home/emanuele/catkin_ws/devel/lib/libsensfusion6.so)
Linked: (/home/emanuele/catkin_ws/devel/.private/rotors_control/lib/libcrazyflie_complementary_filter.so, /home/emanuele/catkin_ws/devel/lib/libcrazyflie_complementary_filter.so)
Linked: (/home/emanuele/catkin_ws/devel/.private/rotors_control/lib/libroll_pitch_yawrate_thrust_controller_crazyflie.so, /home/emanuele/catkin_ws/devel/lib/libroll_pitch_yawrate_thrust_controller_crazyflie.so)
Linked: (/home/emanuele/catkin_ws/devel/.private/rotors_control/lib/rotors_control/high_level_resting_controller, /home/emanuele/catkin_ws/devel/lib/rotors_control/high_level_resting_controller)
Linked: (/home/emanuele/catkin_ws/devel/.private/rotors_control/lib/rotors_control/high_level_2D_resting_waypoint_controller, /home/emanuele/catkin_ws/devel/lib/rotors_control/high_level_2D_resting_waypoint_controller)
Linked: (/home/emanuele/catkin_ws/devel/.private/rotors_control/lib/rotors_control/high_level_2D_push_slide_roll_thrust_controller, /home/emanuele/catkin_ws/devel/lib/rotors_control/high_level_2D_push_slide_roll_thrust_controller)
Linked: (/home/emanuele/catkin_ws/devel/.private/rotors_control/lib/rotors_control/roll_pitch_yawrate_thrust_crazyflie_node, /home/emanuele/catkin_ws/devel/lib/rotors_control/roll_pitch_yawrate_thrust_crazyflie_node)
Linked: (/home/emanuele/catkin_ws/devel/.private/rotors_control/lib/rotors_control/lee_position_controller_node, /home/emanuele/catkin_ws/devel/lib/rotors_control/lee_position_controller_node)
Linked: (/home/emanuele/catkin_ws/devel/.private/rotors_control/lib/rotors_control/position_controller_node, /home/emanuele/catkin_ws/devel/lib/rotors_control/position_controller_node)
Linked: (/home/emanuele/catkin_ws/devel/.private/rotors_control/lib/rotors_control/high_level_2D_roll_thrust_controller, /home/emanuele/catkin_ws/devel/lib/rotors_control/high_level_2D_roll_thrust_controller)
Linked: (/home/emanuele/catkin_ws/devel/.private/rotors_control/lib/rotors_control/roll_pitch_yawrate_thrust_controller_node, /home/emanuele/catkin_ws/devel/lib/rotors_control/roll_pitch_yawrate_thrust_controller_node)
Linked: (/home/emanuele/catkin_ws/devel/.private/rotors_control/lib/rotors_control/high_level_2D_push_slide_waypoint_controller, /home/emanuele/catkin_ws/devel/lib/rotors_control/high_level_2D_push_slide_waypoint_controller)
Linked: (/home/emanuele/catkin_ws/devel/.private/rotors_control/lib/rotors_control/high_level_2D_position_controller, /home/emanuele/catkin_ws/devel/lib/rotors_control/high_level_2D_position_controller)
Linked: (/home/emanuele/catkin_ws/devel/.private/rotors_control/lib/rotors_control/high_level_2D_resting_roll_thrust_controller, /home/emanuele/catkin_ws/devel/lib/rotors_control/high_level_2D_resting_roll_thrust_controller)
Linked: (/home/emanuele/catkin_ws/devel/.private/rotors_control/lib/rotors_control/high_level_3D_resting_waypoint_controller, /home/emanuele/catkin_ws/devel/lib/rotors_control/high_level_3D_resting_waypoint_controller)
Linked: (/home/emanuele/catkin_ws/devel/.private/rotors_control/lib/rotors_control/high_level_resting_roll_thrust_controller, /home/emanuele/catkin_ws/devel/lib/rotors_control/high_level_resting_roll_thrust_controller)
Linked: (/home/emanuele/catkin_ws/devel/.private/rotors_control/lib/pkgconfig/rotors_control.pc, /home/emanuele/catkin_ws/devel/lib/pkgconfig/rotors_control.pc)
