[01m[K/home/emanuele/catkin_ws/src/CrazyS/rotors_control/src/nodes/high_level_3D_resting_waypoint_controller.cpp:68:38:[m[K [01;31m[Kerror: [m[Kexpected unqualified-id before ‘[01m[K=[m[K’ token
 double CAGE_WEIGHT_OFFSET;           [01;31m[K=[m[K 0.147;   // [N]
                                      [01;31m[K^[m[K
[01m[K/home/emanuele/catkin_ws/src/CrazyS/rotors_control/src/nodes/high_level_3D_resting_waypoint_controller.cpp:[m[K In function ‘[01m[Kvoid FilterFTSensor()[m[K’:
[01m[K/home/emanuele/catkin_ws/src/CrazyS/rotors_control/src/nodes/high_level_3D_resting_waypoint_controller.cpp:232:2:[m[K [01;31m[Kerror: [m[Kreference to ‘[01m[Kpolar[m[K’ is ambiguous
  [01;31m[Kpolar[m[K = arcos(ft_filtered_msg.force.z/force_magnitude);
  [01;31m[K^~~~~[m[K
[01m[K/home/emanuele/catkin_ws/src/CrazyS/rotors_control/src/nodes/high_level_3D_resting_waypoint_controller.cpp:65:8:[m[K [01;36m[Knote: [m[Kcandidates are: double polar
 double [01;36m[Kpolar[m[K, azimuth;
        [01;36m[K^~~~~[m[K
In file included from [01m[K/usr/include/eigen3/Eigen/Core:80:0[m[K,
                 from [01m[K/home/emanuele/catkin_ws/src/CrazyS/rotors_control/src/nodes/high_level_3D_resting_waypoint_controller.cpp:25[m[K:
[01m[K/usr/include/c++/7/complex:671:5:[m[K [01;36m[Knote: [m[K                template<class _Tp> std::complex<_Tp> std::polar(const _Tp&, const _Tp&)
     [01;36m[Kpolar[m[K(const _Tp& __rho, const _Tp& __theta)
     [01;36m[K^~~~~[m[K
[01m[K/home/emanuele/catkin_ws/src/CrazyS/rotors_control/src/nodes/high_level_3D_resting_waypoint_controller.cpp:232:10:[m[K [01;31m[Kerror: [m[K‘[01m[Karcos[m[K’ was not declared in this scope
  polar = [01;31m[Karcos[m[K(ft_filtered_msg.force.z/force_magnitude);
          [01;31m[K^~~~~[m[K
[01m[K/home/emanuele/catkin_ws/src/CrazyS/rotors_control/src/nodes/high_level_3D_resting_waypoint_controller.cpp:232:10:[m[K [01;36m[Knote: [m[Ksuggested alternative: ‘[01m[Kacos[m[K’
  polar = [01;36m[Karcos[m[K(ft_filtered_msg.force.z/force_magnitude);
          [01;36m[K^~~~~[m[K
          [32m[Kacos[m[K
make[2]: *** [CMakeFiles/high_level_3D_resting_waypoint_controller.dir/src/nodes/high_level_3D_resting_waypoint_controller.cpp.o] Error 1
make[1]: *** [CMakeFiles/high_level_3D_resting_waypoint_controller.dir/all] Error 2
make: *** [all] Error 2
