[  0%] Built target rosgraph_msgs_generate_messages_nodejs
[  0%] Built target geometry_msgs_generate_messages_py
[  0%] Built target rosgraph_msgs_generate_messages_py
[  0%] Built target sensor_msgs_generate_messages_py
[  0%] Built target actionlib_msgs_generate_messages_py
[  0%] Built target sensor_msgs_generate_messages_cpp
[  0%] Built target roscpp_generate_messages_lisp
[  0%] Built target rosgraph_msgs_generate_messages_lisp
[  0%] Built target rosgraph_msgs_generate_messages_cpp
[  0%] Built target std_msgs_generate_messages_py
[  0%] Built target std_msgs_generate_messages_lisp
[  0%] Built target rosgraph_msgs_generate_messages_eus
[  0%] Built target std_msgs_generate_messages_nodejs
[  0%] Built target nav_msgs_generate_messages_py
[  0%] Built target actionlib_msgs_generate_messages_lisp
[  0%] Built target sensor_msgs_generate_messages_nodejs
[  0%] Built target geometry_msgs_generate_messages_eus
[  0%] Built target std_msgs_generate_messages_eus
[  0%] Built target nav_msgs_generate_messages_nodejs
[  0%] Built target trajectory_msgs_generate_messages_py
[  0%] Built target roscpp_generate_messages_cpp
[  0%] Built target trajectory_msgs_generate_messages_nodejs
[  0%] Built target roscpp_generate_messages_nodejs
[  0%] Built target std_msgs_generate_messages_cpp
[  0%] Built target actionlib_msgs_generate_messages_nodejs
[  0%] Built target roscpp_generate_messages_eus
[  0%] Built target nav_msgs_generate_messages_lisp
[  0%] Built target geometry_msgs_generate_messages_nodejs
[  0%] Built target geometry_msgs_generate_messages_cpp
[  0%] Built target sensor_msgs_generate_messages_lisp
[  0%] Built target mav_msgs_generate_messages_eus
[  0%] Built target geometry_msgs_generate_messages_lisp
[  0%] Built target trajectory_msgs_generate_messages_lisp
[  0%] Built target mav_msgs_generate_messages_lisp
[  0%] Built target nav_msgs_generate_messages_cpp
[  0%] Built target roscpp_generate_messages_py
[  0%] Built target mav_msgs_generate_messages_nodejs
[  0%] Built target sensor_msgs_generate_messages_eus
[  0%] Built target nav_msgs_generate_messages_eus
[  0%] Built target trajectory_msgs_generate_messages_cpp
[  0%] Built target actionlib_msgs_generate_messages_cpp
[  0%] Built target actionlib_msgs_generate_messages_eus
[  0%] Built target mav_msgs_generate_messages_cpp
[  0%] Built target mav_msgs_generate_messages_py
[  0%] Built target trajectory_msgs_generate_messages_eus
[35m[1mScanning dependencies of target high_level_2D_resting_waypoint_controller[0m
[  5%] Built target sensfusion6
[ 11%] Built target crazyflie_complementary_filter
[ 16%] Built target roll_pitch_yawrate_thrust_controller_crazyflie
[ 22%] Built target high_level_2D_push_slide_waypoint_controller
[ 27%] Built target position_controller
[ 33%] Built target high_level_2D_resting_roll_thrust_controller
[ 38%] Built target mellinger_controller
[ 44%] Built target crazyflie_onboard_controller
[ 50%] Built target internal_model_controller
[ 55%] Built target high_level_3D_resting_waypoint_controller
[ 61%] Built target lee_position_controller
[ 66%] Built target roll_pitch_yawrate_thrust_controller
[ 72%] Built target high_level_2D_push_slide_roll_thrust_controller
[ 75%] [32mBuilding CXX object CMakeFiles/high_level_2D_resting_waypoint_controller.dir/src/nodes/high_level_2D_resting_waypoint_controller.cpp.o[0m
[ 80%] Built target roll_pitch_yawrate_thrust_crazyflie_node
[ 91%] Built target lee_position_controller_node
[ 91%] Built target roll_pitch_yawrate_thrust_controller_node
[ 97%] Built target position_controller_node
[100%] [32m[1mLinking CXX executable /home/emanuele/catkin_ws/devel/.private/rotors_control/lib/rotors_control/high_level_2D_resting_waypoint_controller[0m
[100%] Built target high_level_2D_resting_waypoint_controller
